# JRE version: Java(TM) SE Runtime Environment (8.0_102-b14) (build 1.8.0_102-b14)
# Java VM: Java HotSpot(TM) 64-Bit Server VM (25.102-b14 mixed mode windows-amd64 compressed oops)
Heap:
 PSYoungGen      total 226304K, used 138312K [0x00000000d5f80000, 0x00000000e5780000, 0x0000000100000000)
  eden space 207872K, 60% used [0x00000000d5f80000,0x00000000dda37768,0x00000000e2a80000)
  from space 18432K, 68% used [0x00000000e3d00000,0x00000000e495a928,0x00000000e4f00000)
  to   space 18944K, 0% used [0x00000000e2a80000,0x00000000e2a80000,0x00000000e3d00000)
 ParOldGen       total 89088K, used 24770K [0x0000000081e00000, 0x0000000087500000, 0x00000000d5f80000)
  object space 89088K, 27% used [0x0000000081e00000,0x0000000083630990,0x0000000087500000)
 Metaspace       used 50275K, capacity 53090K, committed 53248K, reserved 1095680K
  class space    used 6383K, capacity 6848K, committed 6912K, reserved 1048576K
GC Heap History (10 events):
Event: 3.459 GC heap before
{Heap before GC invocations=8 (full 1):
 PSYoungGen      total 120832K, used 75694K [0x00000000d5f80000, 0x00000000de300000, 0x0000000100000000)
  eden space 112640K, 59% used [0x00000000d5f80000,0x00000000da173878,0x00000000dcd80000)
  from space 8192K, 99% used [0x00000000dd800000,0x00000000ddff8198,0x00000000de000000)
  to   space 10752K, 0% used [0x00000000dcd80000,0x00000000dcd80000,0x00000000dd800000)
 ParOldGen       total 52224K, used 10709K [0x0000000081e00000, 0x0000000085100000, 0x00000000d5f80000)
  object space 52224K, 20% used [0x0000000081e00000,0x0000000082875768,0x0000000085100000)
 Metaspace       used 33929K, capacity 35412K, committed 35456K, reserved 1079296K
  class space    used 4440K, capacity 4728K, committed 4736K, reserved 1048576K
Event: 3.475 GC heap after
Heap after GC invocations=8 (full 1):
 PSYoungGen      total 123392K, used 10734K [0x00000000d5f80000, 0x00000000e3680000, 0x0000000100000000)
  eden space 112640K, 0% used [0x00000000d5f80000,0x00000000d5f80000,0x00000000dcd80000)
  from space 10752K, 99% used [0x00000000dcd80000,0x00000000dd7fb960,0x00000000dd800000)
  to   space 14848K, 0% used [0x00000000e2800000,0x00000000e2800000,0x00000000e3680000)
 ParOldGen       total 52224K, used 16894K [0x0000000081e00000, 0x0000000085100000, 0x00000000d5f80000)
  object space 52224K, 32% used [0x0000000081e00000,0x0000000082e7fb00,0x0000000085100000)
 Metaspace       used 33929K, capacity 35412K, committed 35456K, reserved 1079296K
  class space    used 4440K, capacity 4728K, committed 4736K, reserved 1048576K
}
Event: 3.475 GC heap before
{Heap before GC invocations=9 (full 2):
 PSYoungGen      total 123392K, used 10734K [0x00000000d5f80000, 0x00000000e3680000, 0x0000000100000000)
  eden space 112640K, 0% used [0x00000000d5f80000,0x00000000d5f80000,0x00000000dcd80000)
  from space 10752K, 99% used [0x00000000dcd80000,0x00000000dd7fb960,0x00000000dd800000)
  to   space 14848K, 0% used [0x00000000e2800000,0x00000000e2800000,0x00000000e3680000)
 ParOldGen       total 52224K, used 16894K [0x0000000081e00000, 0x0000000085100000, 0x00000000d5f80000)
  object space 52224K, 32% used [0x0000000081e00000,0x0000000082e7fb00,0x0000000085100000)
 Metaspace       used 33929K, capacity 35412K, committed 35456K, reserved 1079296K
  class space    used 4440K, capacity 4728K, committed 4736K, reserved 1048576K
Event: 3.535 GC heap after
Heap after GC invocations=9 (full 2):
 PSYoungGen      total 123392K, used 0K [0x00000000d5f80000, 0x00000000e3680000, 0x0000000100000000)
  eden space 112640K, 0% used [0x00000000d5f80000,0x00000000d5f80000,0x00000000dcd80000)
  from space 10752K, 0% used [0x00000000dcd80000,0x00000000dcd80000,0x00000000dd800000)
  to   space 14848K, 0% used [0x00000000e2800000,0x00000000e2800000,0x00000000e3680000)
 ParOldGen       total 89088K, used 21450K [0x0000000081e00000, 0x0000000087500000, 0x00000000d5f80000)
  object space 89088K, 24% used [0x0000000081e00000,0x00000000832f2a70,0x0000000087500000)
 Metaspace       used 33929K, capacity 35412K, committed 35456K, reserved 1079296K
  class space    used 4440K, capacity 4728K, committed 4736K, reserved 1048576K
}
Event: 3.984 GC heap before
{Heap before GC invocations=10 (full 2):
 PSYoungGen      total 123392K, used 112640K [0x00000000d5f80000, 0x00000000e3680000, 0x0000000100000000)
  eden space 112640K, 100% used [0x00000000d5f80000,0x00000000dcd80000,0x00000000dcd80000)
  from space 10752K, 0% used [0x00000000dcd80000,0x00000000dcd80000,0x00000000dd800000)
  to   space 14848K, 0% used [0x00000000e2800000,0x00000000e2800000,0x00000000e3680000)
 ParOldGen       total 89088K, used 21450K [0x0000000081e00000, 0x0000000087500000, 0x00000000d5f80000)
  object space 89088K, 24% used [0x0000000081e00000,0x00000000832f2a70,0x0000000087500000)
 Metaspace       used 37027K, capacity 38736K, committed 39040K, reserved 1083392K
  class space    used 4818K, capacity 5154K, committed 5248K, reserved 1048576K
Event: 3.990 GC heap after
Heap after GC invocations=10 (full 2):
 PSYoungGen      total 171008K, used 3983K [0x00000000d5f80000, 0x00000000e2c00000, 0x0000000100000000)
  eden space 166912K, 0% used [0x00000000d5f80000,0x00000000d5f80000,0x00000000e0280000)
  from space 4096K, 97% used [0x00000000e2800000,0x00000000e2be3ef0,0x00000000e2c00000)
  to   space 15360K, 0% used [0x00000000e0e00000,0x00000000e0e00000,0x00000000e1d00000)
 ParOldGen       total 89088K, used 21458K [0x0000000081e00000, 0x0000000087500000, 0x00000000d5f80000)
  object space 89088K, 24% used [0x0000000081e00000,0x00000000832f4a70,0x0000000087500000)
 Metaspace       used 37027K, capacity 38736K, committed 39040K, reserved 1083392K
  class space    used 4818K, capacity 5154K, committed 5248K, reserved 1048576K
}
Event: 32.542 GC heap before
{Heap before GC invocations=11 (full 2):
 PSYoungGen      total 171008K, used 170895K [0x00000000d5f80000, 0x00000000e2c00000, 0x0000000100000000)
  eden space 166912K, 100% used [0x00000000d5f80000,0x00000000e0280000,0x00000000e0280000)
  from space 4096K, 97% used [0x00000000e2800000,0x00000000e2be3ef0,0x00000000e2c00000)
  to   space 15360K, 0% used [0x00000000e0e00000,0x00000000e0e00000,0x00000000e1d00000)
 ParOldGen       total 89088K, used 21458K [0x0000000081e00000, 0x0000000087500000, 0x00000000d5f80000)
  object space 89088K, 24% used [0x0000000081e00000,0x00000000832f4a70,0x0000000087500000)
 Metaspace       used 47827K, capacity 50164K, committed 50432K, reserved 1093632K
  class space    used 6123K, capacity 6537K, committed 6656K, reserved 1048576K
Event: 32.571 GC heap after
Heap after GC invocations=11 (full 2):
 PSYoungGen      total 194048K, used 15352K [0x00000000d5f80000, 0x00000000e4f00000, 0x0000000100000000)
  eden space 178688K, 0% used [0x00000000d5f80000,0x00000000d5f80000,0x00000000e0e00000)
  from space 15360K, 99% used [0x00000000e0e00000,0x00000000e1cfe138,0x00000000e1d00000)
  to   space 18432K, 0% used [0x00000000e3d00000,0x00000000e3d00000,0x00000000e4f00000)
 ParOldGen       total 89088K, used 24762K [0x0000000081e00000, 0x0000000087500000, 0x00000000d5f80000)
  object space 89088K, 27% used [0x0000000081e00000,0x000000008362e990,0x0000000087500000)
 Metaspace       used 47827K, capacity 50164K, committed 50432K, reserved 1093632K
  class space    used 6123K, capacity 6537K, committed 6656K, reserved 1048576K
}
Event: 609.585 GC heap before
{Heap before GC invocations=12 (full 2):
 PSYoungGen      total 194048K, used 194040K [0x00000000d5f80000, 0x00000000e4f00000, 0x0000000100000000)
  eden space 178688K, 100% used [0x00000000d5f80000,0x00000000e0e00000,0x00000000e0e00000)
  from space 15360K, 99% used [0x00000000e0e00000,0x00000000e1cfe138,0x00000000e1d00000)
  to   space 18432K, 0% used [0x00000000e3d00000,0x00000000e3d00000,0x00000000e4f00000)
 ParOldGen       total 89088K, used 24762K [0x0000000081e00000, 0x0000000087500000, 0x00000000d5f80000)
  object space 89088K, 27% used [0x0000000081e00000,0x000000008362e990,0x0000000087500000)
 Metaspace       used 49996K, capacity 52674K, committed 52992K, reserved 1095680K
  class space    used 6351K, capacity 6810K, committed 6912K, reserved 1048576K
Event: 609.599 GC heap after
Heap after GC invocations=12 (full 2):
 PSYoungGen      total 226304K, used 12650K [0x00000000d5f80000, 0x00000000e5780000, 0x0000000100000000)
  eden space 207872K, 0% used [0x00000000d5f80000,0x00000000d5f80000,0x00000000e2a80000)
  from space 18432K, 68% used [0x00000000e3d00000,0x00000000e495a928,0x00000000e4f00000)
  to   space 18944K, 0% used [0x00000000e2a80000,0x00000000e2a80000,0x00000000e3d00000)
 ParOldGen       total 89088K, used 24770K [0x0000000081e00000, 0x0000000087500000, 0x00000000d5f80000)
  object space 89088K, 27% used [0x0000000081e00000,0x0000000083630990,0x0000000087500000)
 Metaspace       used 49996K, capacity 52674K, committed 52992K, reserved 1095680K
  class space    used 6351K, capacity 6810K, committed 6912K, reserved 1048576K
}

